<?xml version="1.0" encoding="UTF-8"?>
<!-- Generated by org.testng.reporters.JUnitReportReporter -->
<testsuite skipped="0" hostname="Nishu" name="mavenproject.maven" tests="1" failures="0" timestamp="18 May 2020 12:24:04 GMT" time="15.553" errors="0">
  <testcase name="fff" time="15.553" classname="mavenproject.maven"/>
</testsuite> <!-- mavenproject.maven -->
